[2021-03-29 01:51:35] [info] Start Program:
Path:"C:\\Users\\raulp\\Documents\\Facultate\\Programare orientata pe obiecte\\Laboratoare\\LAB6-7_Raul_Pele\\Debug\\LAB6-7_Raul_Pele.exe"
Arguments:
Working directory: "C:\\Users\\raulp\\Documents\\Facultate\\Programare orientata pe obiecte\\Laboratoare\\LAB6-7_Raul_Pele\\LAB6-7_Raul_Pele\\"
Modules: Selected: C:\Users\raulp\Documents\Facultate\Programare orientata pe obiecte\Laboratoare\LAB6-7_Raul_Pele\Debug\LAB6-7_Raul_Pele.exe Excluded: 
Sources: Selected: C:\Users\raulp\Documents\Facultate\Programare orientata pe obiecte\Laboratoare\LAB6-7_Raul_Pele\LAB6-7_Raul_Pele Excluded: 
Log Level: Normal
Cover Children: 0
Aggregate by file: 1
Continue after C++ exception: 0
Optimized build support: 0
Export: binary C:\Users\raulp\AppData\Local\Temp\zt200abl.2tb 
Input coverage: 
Unified diff: 
Excluded line regular expressions: 
Substitute pdb source paths: 

[2021-03-29 01:51:35] [info] Module: C:\Users\raulp\Documents\Facultate\Programare orientata pe obiecte\Laboratoare\LAB6-7_Raul_Pele\Debug\LAB6-7_Raul_Pele.exe is selected because it matches selected pattern: C:\Users\raulp\Documents\Facultate\Programare orientata pe obiecte\Laboratoare\LAB6-7_Raul_Pele\Debug\LAB6-7_Raul_Pele.exe
[2021-03-29 01:51:35] [info] ----------------------------------------------------
[2021-03-29 01:51:35] [info] Coverage binary generated in file: C:\Users\raulp\AppData\Local\Temp\zt200abl.2tb
[2021-03-29 01:51:35] [info] ----------------------------------------------------
